<?xml version="1.0" encoding="UTF-8"?>
<!-- Generated by org.testng.reporters.JUnitXMLReporter -->
<testsuite ignored="0" hostname="KAPIL" failures="0" tests="2" name="FirefoxTest" time="0.052" errors="0" timestamp="2022-10-11T17:35:22 IST">
  <testcase classname="testNGpack.TestbaseClass" name="@BeforeMethod setup" time="-1.665489922271E9">
    <failure type="org.testng.TestNGException" message="
Method setup requires 2 parameters but 1 were supplied in the BeforeMethod annotation.">
      <![CDATA[org.testng.TestNGException: 
Method setup requires 2 parameters but 1 were supplied in the BeforeMethod annotation.
at java.base/java.util.ArrayList.forEach(ArrayList.java:1511)
... Removed 28 stack frames]]>
    </failure>
  </testcase> <!-- @BeforeMethod setup -->
  <testcase classname="testNGpack.TestbaseClass" name="@AfterMethod tearDown" time="-1.665489922287E9">
    <skipped/>
  </testcase> <!-- @AfterMethod tearDown -->
  <testcase classname="testNGpack.TestbaseClass" name="@BeforeMethod setup" time="-1.665489922292E9">
    <failure type="org.testng.TestNGException" message="
Method setup requires 2 parameters but 1 were supplied in the BeforeMethod annotation.">
      <![CDATA[org.testng.TestNGException: 
Method setup requires 2 parameters but 1 were supplied in the BeforeMethod annotation.
at java.base/java.util.ArrayList.forEach(ArrayList.java:1511)
... Removed 28 stack frames]]>
    </failure>
  </testcase> <!-- @BeforeMethod setup -->
  <testcase classname="testNGpack.TestbaseClass" name="@AfterMethod tearDown" time="-1.665489922313E9">
    <skipped/>
  </testcase> <!-- @AfterMethod tearDown -->
  <testcase classname="testclassTestng.TC03_verifyBagProductFunctionality3" name="verifybagproductfunctionality3" time="0.0">
    <skipped/>
  </testcase> <!-- verifybagproductfunctionality3 -->
  <testcase classname="testclassTestng.TC04_verifyAllproductFunctionality4" name="verifyallproductfunctainality4" time="0.0">
    <skipped/>
  </testcase> <!-- verifyallproductfunctainality4 -->
</testsuite> <!-- FirefoxTest -->
